<?xml version="1.0" encoding="UTF-8"?>
<!-- Generated by org.testng.reporters.JUnitReportReporter -->
<testsuite hostname="LIN76005271" failures="0" tests="4" name="com.sai.demoTest.NrewTest" time="0.021" errors="0" timestamp="2024-11-10T19:56:39 IST" skipped="0">
  <testcase classname="com.sai.demoTest.NrewTest" name="test4" time="0.002"/>
  <testcase classname="com.sai.demoTest.NrewTest" name="test1" time="0.014"/>
  <testcase classname="com.sai.demoTest.NrewTest" name="test3" time="0.003"/>
  <testcase classname="com.sai.demoTest.NrewTest" name="test2" time="0.002"/>
</testsuite> <!-- com.sai.demoTest.NrewTest -->
