<?xml version="1.0" encoding="UTF-8"?>
<!-- Generated by org.testng.reporters.JUnitReportReporter -->
<testsuite hostname="LIN76005271" failures="0" tests="4" name="com.sai.demoTest.NrewTest2" time="0.003" errors="0" timestamp="2024-11-10T19:52:09 IST" skipped="2">
  <testcase classname="com.sai.demoTest.NrewTest2" name="test2" time="0.002"/>
  <testcase classname="com.sai.demoTest.NrewTest2" name="test4" time="0.001"/>
  <testcase classname="com.sai.demoTest.NrewTest2" name="test1">
    <skipped/>
  </testcase> <!-- test1 -->
  <testcase classname="com.sai.demoTest.NrewTest2" name="test3">
    <skipped/>
  </testcase> <!-- test3 -->
</testsuite> <!-- com.sai.demoTest.NrewTest2 -->
