<?xml version="1.0" encoding="UTF-8"?>
<!-- Generated by org.testng.reporters.JUnitReportReporter -->
<testsuite hostname="LIN76005271" failures="0" tests="2" name="com.sai.test.ParitallyDataProvider" time="0.010" errors="0" timestamp="2024-11-11T13:22:12 IST" skipped="0">
  <testcase classname="com.sai.test.ParitallyDataProvider" name="testData" time="0.001"/>
  <testcase classname="com.sai.test.ParitallyDataProvider" name="testData" time="0.009"/>
</testsuite> <!-- com.sai.test.ParitallyDataProvider -->
