<?xml version="1.0" encoding="UTF-8"?>
<!-- Generated by org.testng.reporters.JUnitReportReporter -->
<testsuite hostname="LIN76005271" failures="0" tests="3" name="com.sai.test.SeperateClassDataProvider" time="0.012" errors="0" timestamp="2024-11-11T14:54:06 IST" skipped="0">
  <testcase classname="com.sai.test.SeperateClassDataProvider" name="seperateClassData" time="0.010"/>
  <testcase classname="com.sai.test.SeperateClassDataProvider" name="seperateClassData" time="0.001"/>
  <testcase classname="com.sai.test.SeperateClassDataProvider" name="seperateClassData" time="0.001"/>
</testsuite> <!-- com.sai.test.SeperateClassDataProvider -->
