<?xml version="1.0" encoding="UTF-8"?>
<!-- Generated by org.testng.reporters.JUnitReportReporter -->
<testsuite hostname="LIN76005271" failures="0" tests="1" name="com.sai.test.FirstTest" time="12.727" errors="0" timestamp="2024-11-10T14:49:12 IST" skipped="0">
  <testcase classname="com.sai.test.FirstTest" name="testGoogle" time="12.727"/>
</testsuite> <!-- com.sai.test.FirstTest -->
