<?xml version="1.0" encoding="UTF-8"?>
<!-- Generated by org.testng.reporters.JUnitReportReporter -->
<testsuite hostname="LIN76005271" failures="0" tests="13" name="com.sai.test.Dataproviderdemo" time="0.026" errors="0" timestamp="2024-11-11T11:46:49 IST" skipped="0">
  <testcase classname="com.sai.test.Dataproviderdemo" name="dataproviderInteger" time="0.002"/>
  <testcase classname="com.sai.test.Dataproviderdemo" name="dataproviderIterator" time="0.000"/>
  <testcase classname="com.sai.test.Dataproviderdemo" name="dataproviderIteratorObject" time="0.001"/>
  <testcase classname="com.sai.test.Dataproviderdemo" name="dataproviderIteratorObject" time="0.001"/>
  <testcase classname="com.sai.test.Dataproviderdemo" name="dataproviderIterator" time="0.001"/>
  <testcase classname="com.sai.test.Dataproviderdemo" name="dataproviderInteger" time="0.001"/>
  <testcase classname="com.sai.test.Dataproviderdemo" name="dataproviderIteratorObject" time="0.001"/>
  <testcase classname="com.sai.test.Dataproviderdemo" name="dataprovider" time="0.002"/>
  <testcase classname="com.sai.test.Dataproviderdemo" name="dataproviderIterator" time="0.001"/>
  <testcase classname="com.sai.test.Dataproviderdemo" name="dataprovider" time="0.009"/>
  <testcase classname="com.sai.test.Dataproviderdemo" name="dataprovider" time="0.004"/>
  <testcase classname="com.sai.test.Dataproviderdemo" name="dataproviderInteger" time="0.001"/>
  <testcase classname="com.sai.test.Dataproviderdemo" name="dataprovider" time="0.002"/>
</testsuite> <!-- com.sai.test.Dataproviderdemo -->
