<?xml version="1.0" encoding="UTF-8"?>
<!-- Generated by org.testng.reporters.JUnitReportReporter -->
<testsuite hostname="LIN76005271" failures="0" tests="3" name="com.sai.demoTest2.NrewTest2" time="0.004" errors="0" timestamp="2024-11-10T21:39:40 IST" skipped="0">
  <testcase classname="com.sai.demoTest2.NrewTest2" name="test1" time="0.001"/>
  <testcase classname="com.sai.demoTest2.NrewTest2" name="test4" time="0.002"/>
  <testcase classname="com.sai.demoTest2.NrewTest2" name="test2" time="0.001"/>
</testsuite> <!-- com.sai.demoTest2.NrewTest2 -->
