<?xml version="1.0" encoding="UTF-8"?>
<!-- Generated by org.testng.reporters.JUnitReportReporter -->
<testsuite hostname="LIN76005271" failures="0" tests="1" name="TestClass" time="0.017" errors="0" timestamp="2024-11-10T09:41:13 IST" skipped="0">
  <testcase classname="TestClass" name="foo" time="0.017"/>
</testsuite> <!-- TestClass -->
