<?xml version="1.0" encoding="UTF-8"?>
<!-- Generated by org.testng.reporters.JUnitReportReporter -->
<testsuite hostname="LIN76005271" failures="0" tests="6" name="com.sai.test.FlightBookingTest" time="0.029" errors="0" timestamp="2024-11-10T19:38:02 IST" skipped="0">
  <testcase classname="com.sai.test.FlightBookingTest" name="signup" time="0.014"/>
  <testcase classname="com.sai.test.FlightBookingTest" name="login" time="0.002"/>
  <testcase classname="com.sai.test.FlightBookingTest" name="searchfortheflight" time="0.002"/>
  <testcase classname="com.sai.test.FlightBookingTest" name="booktheflight" time="0.002"/>
  <testcase classname="com.sai.test.FlightBookingTest" name="saveTheTicket" time="0.003"/>
  <testcase classname="com.sai.test.FlightBookingTest" name="logOut" time="0.006"/>
</testsuite> <!-- com.sai.test.FlightBookingTest -->
