<?xml version="1.0" encoding="UTF-8"?>
<!-- Generated by org.testng.reporters.JUnitReportReporter -->
<testsuite hostname="LIN76005271" failures="0" tests="2" name="com.sai.test.NewTest" time="0.010" errors="0" timestamp="2024-11-10T12:01:53 IST" skipped="0">
  <testcase classname="com.sai.test.NewTest" name="f" time="0.008"/>
  <testcase classname="com.sai.test.NewTest" name="f1" time="0.002"/>
</testsuite> <!-- com.sai.test.NewTest -->
