<?xml version="1.0" encoding="UTF-8"?>
<!-- Generated by org.testng.reporters.JUnitReportReporter -->
<testsuite hostname="LIN76005271" failures="0" tests="3" name="com.sai.test.OrangeHRM" time="12.721" errors="0" timestamp="2024-11-10T14:49:12 IST" skipped="0">
  <testcase classname="com.sai.test.OrangeHRM" name="myinfo" time="2.344"/>
  <testcase classname="com.sai.test.OrangeHRM" name="lauchBrowser" time="7.363"/>
  <testcase classname="com.sai.test.OrangeHRM" name="login" time="3.014"/>
</testsuite> <!-- com.sai.test.OrangeHRM -->
